<?xml version="1.0" encoding="UTF-8"?>
<testng-results ignored="0" total="4" passed="3" failed="1" skipped="0">
  <reporter-output>
  </reporter-output>
  <suite started-at="2022-09-03T06:33:00 PDT" name="Default Suite" finished-at="2022-09-03T06:34:30 PDT" duration-ms="90853">
    <groups>
    </groups>
    <test started-at="2022-09-03T06:33:00 PDT" name="FacebookTestAutomation" finished-at="2022-09-03T06:34:30 PDT" duration-ms="90853">
      <class name="com.facebook.qa.testcases.LogInPageTest">
        <test-method is-config="true" signature="setUp()[pri:0, instance:com.facebook.qa.testcases.LogInPageTest@51b7e5df]" started-at="2022-09-03T06:33:00 PDT" name="setUp" finished-at="2022-09-03T06:33:38 PDT" duration-ms="38434" status="PASS">
          <reporter-output>
          </reporter-output>
        </test-method> <!-- setUp -->
        <test-method signature="loginPage_TitleTest()[pri:1, instance:com.facebook.qa.testcases.LogInPageTest@51b7e5df]" started-at="2022-09-03T06:33:38 PDT" name="loginPage_TitleTest" finished-at="2022-09-03T06:33:38 PDT" duration-ms="169" status="PASS">
          <reporter-output>
          </reporter-output>
        </test-method> <!-- loginPage_TitleTest -->
        <test-method is-config="true" signature="tearDown()[pri:0, instance:com.facebook.qa.testcases.LogInPageTest@51b7e5df]" started-at="2022-09-03T06:33:38 PDT" name="tearDown" finished-at="2022-09-03T06:33:39 PDT" duration-ms="997" status="PASS">
          <reporter-output>
          </reporter-output>
        </test-method> <!-- tearDown -->
        <test-method is-config="true" signature="setUp()[pri:0, instance:com.facebook.qa.testcases.LogInPageTest@51b7e5df]" started-at="2022-09-03T06:33:39 PDT" name="setUp" finished-at="2022-09-03T06:34:12 PDT" duration-ms="32280" status="PASS">
          <reporter-output>
          </reporter-output>
        </test-method> <!-- setUp -->
        <test-method signature="loginPage_LogoTest()[pri:2, instance:com.facebook.qa.testcases.LogInPageTest@51b7e5df]" started-at="2022-09-03T06:34:12 PDT" name="loginPage_LogoTest" finished-at="2022-09-03T06:34:12 PDT" duration-ms="869" status="PASS">
          <reporter-output>
          </reporter-output>
        </test-method> <!-- loginPage_LogoTest -->
        <test-method is-config="true" signature="tearDown()[pri:0, instance:com.facebook.qa.testcases.LogInPageTest@51b7e5df]" started-at="2022-09-03T06:34:12 PDT" name="tearDown" finished-at="2022-09-03T06:34:17 PDT" duration-ms="4870" status="PASS">
          <reporter-output>
          </reporter-output>
        </test-method> <!-- tearDown -->
        <test-method is-config="true" signature="setUp()[pri:0, instance:com.facebook.qa.testcases.LogInPageTest@51b7e5df]" started-at="2022-09-03T06:34:17 PDT" name="setUp" finished-at="2022-09-03T06:34:28 PDT" duration-ms="10544" status="PASS">
          <reporter-output>
          </reporter-output>
        </test-method> <!-- setUp -->
        <test-method signature="loginTest()[pri:3, instance:com.facebook.qa.testcases.LogInPageTest@51b7e5df]" started-at="2022-09-03T06:34:28 PDT" name="loginTest" finished-at="2022-09-03T06:34:30 PDT" duration-ms="1790" status="PASS">
          <reporter-output>
          </reporter-output>
        </test-method> <!-- loginTest -->
        <test-method is-config="true" signature="tearDown()[pri:0, instance:com.facebook.qa.testcases.LogInPageTest@51b7e5df]" started-at="2022-09-03T06:34:30 PDT" name="tearDown" finished-at="2022-09-03T06:34:30 PDT" duration-ms="692" status="PASS">
          <reporter-output>
          </reporter-output>
        </test-method> <!-- tearDown -->
        <test-method signature="create_NewAccount_Test(java.lang.String, java.lang.String, java.lang.String)[pri:4, instance:com.facebook.qa.testcases.LogInPageTest@51b7e5df]" started-at="2022-09-03T06:34:30 PDT" name="create_NewAccount_Test" data-provider="getFacebookTestData" finished-at="2022-09-03T06:34:30 PDT" duration-ms="0" status="FAIL">
          <exception class="org.testng.TestNGException">
            <message>
              <![CDATA[
Some DataProvider public java.lang.Object[][] com.facebook.qa.testcases.LogInPageTest.getFacebookTestData(java.lang.String) parameters unresolved:  at 0 type class java.lang.String
]]>
            </message>
            <full-stacktrace>
              <![CDATA[org.testng.TestNGException: 
Some DataProvider public java.lang.Object[][] com.facebook.qa.testcases.LogInPageTest.getFacebookTestData(java.lang.String) parameters unresolved:  at 0 type class java.lang.String

at org.testng.internal.MethodInvocationHelper.getParameters(MethodInvocationHelper.java:221)
at org.testng.internal.MethodInvocationHelper.invokeDataProvider(MethodInvocationHelper.java:146)
at org.testng.internal.Parameters.handleParameters(Parameters.java:801)
at org.testng.internal.Parameters.handleParameters(Parameters.java:744)
at org.testng.internal.ParameterHandler.handleParameters(ParameterHandler.java:59)
at org.testng.internal.ParameterHandler.createParameters(ParameterHandler.java:38)
at org.testng.internal.TestInvoker$MethodInvocationAgent.invoke(TestInvoker.java:783)
at org.testng.internal.TestInvoker.invokeTestMethods(TestInvoker.java:146)
at org.testng.internal.TestMethodWorker.invokeTestMethods(TestMethodWorker.java:146)
at org.testng.internal.TestMethodWorker.run(TestMethodWorker.java:128)
at java.base/java.util.ArrayList.forEach(ArrayList.java:1511)
at org.testng.TestRunner.privateRun(TestRunner.java:766)
at org.testng.TestRunner.run(TestRunner.java:587)
at org.testng.SuiteRunner.runTest(SuiteRunner.java:384)
at org.testng.SuiteRunner.runSequentially(SuiteRunner.java:378)
at org.testng.SuiteRunner.privateRun(SuiteRunner.java:337)
at org.testng.SuiteRunner.run(SuiteRunner.java:286)
at org.testng.SuiteRunnerWorker.runSuite(SuiteRunnerWorker.java:53)
at org.testng.SuiteRunnerWorker.run(SuiteRunnerWorker.java:96)
at org.testng.TestNG.runSuitesSequentially(TestNG.java:1187)
at org.testng.TestNG.runSuitesLocally(TestNG.java:1109)
at org.testng.TestNG.runSuites(TestNG.java:1039)
at org.testng.TestNG.run(TestNG.java:1007)
at com.intellij.rt.testng.IDEARemoteTestNG.run(IDEARemoteTestNG.java:66)
at com.intellij.rt.testng.RemoteTestNGStarter.main(RemoteTestNGStarter.java:109)
]]>
            </full-stacktrace>
          </exception> <!-- org.testng.TestNGException -->
          <reporter-output>
          </reporter-output>
        </test-method> <!-- create_NewAccount_Test -->
      </class> <!-- com.facebook.qa.testcases.LogInPageTest -->
    </test> <!-- FacebookTestAutomation -->
  </suite> <!-- Default Suite -->
</testng-results>
